c:\users\ziga.zorc\source\repos\csuppv0_0_20112019\csuppv0_0_20112019\debug\csuppv0_0_20112019.pch
c:\users\ziga.zorc\source\repos\csuppv0_0_20112019\csuppv0_0_20112019\debug\vc141.pdb
c:\users\ziga.zorc\source\repos\csuppv0_0_20112019\csuppv0_0_20112019\debug\vc141.idb
c:\users\ziga.zorc\source\repos\csuppv0_0_20112019\csuppv0_0_20112019\debug\pch.obj
c:\users\ziga.zorc\source\repos\csuppv0_0_20112019\csuppv0_0_20112019\debug\csuppv0_0_20112019.obj
c:\users\zoky\desktop\opi_lv_csupp-master\csuppv0_0_20112019\debug\csuppv0_0_20112019.pch
c:\users\zoky\desktop\opi_lv_csupp-master\csuppv0_0_20112019\debug\vc142.pdb
c:\users\zoky\desktop\opi_lv_csupp-master\csuppv0_0_20112019\debug\vc142.idb
c:\users\zoky\desktop\opi_lv_csupp-master\csuppv0_0_20112019\debug\pch.obj
c:\users\zoky\desktop\opi_lv_csupp-master\csuppv0_0_20112019\debug\csuppv0_0_20112019.obj
c:\users\ziga.zorc\source\repos\csuppv0_0_20112019\debug\csuppv0_0_20112019.exe
c:\users\ziga.zorc\source\repos\csuppv0_0_20112019\debug\csuppv0_0_20112019.ilk
c:\users\ziga.zorc\source\repos\csuppv0_0_20112019\debug\csuppv0_0_20112019.pdb
c:\users\zoky\desktop\opi_lv_csupp-master\csuppv0_0_20112019\debug\csuppv0_0_20112019.ilk
c:\users\zoky\desktop\opi_lv_csupp-master\csuppv0_0_20112019\debug\csuppv0_0_20112019.exe
c:\users\zoky\desktop\opi_lv_csupp-master\csuppv0_0_20112019\debug\csuppv0_0_20112019.pdb
c:\users\zoky\desktop\opi_lv_csupp-master\csuppv0_0_20112019\debug\vc141.idb
c:\users\zoky\desktop\opi_lv_csupp-master\csuppv0_0_20112019\debug\vc141.pdb
c:\users\zoky\desktop\opi_lv_csupp-master\csuppv0_0_20112019\debug\csuppv0_.80c5dcf2.tlog\cl.command.1.tlog
c:\users\zoky\desktop\opi_lv_csupp-master\csuppv0_0_20112019\debug\csuppv0_.80c5dcf2.tlog\cl.read.1.tlog
c:\users\zoky\desktop\opi_lv_csupp-master\csuppv0_0_20112019\debug\csuppv0_.80c5dcf2.tlog\cl.write.1.tlog
c:\users\zoky\desktop\opi_lv_csupp-master\csuppv0_0_20112019\debug\csuppv0_.80c5dcf2.tlog\link.command.1.tlog
c:\users\zoky\desktop\opi_lv_csupp-master\csuppv0_0_20112019\debug\csuppv0_.80c5dcf2.tlog\link.read.1.tlog
c:\users\zoky\desktop\opi_lv_csupp-master\csuppv0_0_20112019\debug\csuppv0_.80c5dcf2.tlog\link.write.1.tlog
